<?xml version="1.0" encoding="UTF-8"?>
<testsuite name="com.mysite.sbb.SbbApplicationTests" tests="1" skipped="0" failures="0" errors="0" timestamp="2022-04-26T05:49:24" hostname="DESKTOP-EV33ME6" time="0.164">
  <properties/>
  <testcase name="testJpa()" classname="com.mysite.sbb.SbbApplicationTests" time="0.164"/>
  <system-out><![CDATA[14:49:21.316 [Test worker] DEBUG org.springframework.test.context.BootstrapUtils - Instantiating CacheAwareContextLoaderDelegate from class [org.springframework.test.context.cache.DefaultCacheAwareContextLoaderDelegate]
14:49:21.326 [Test worker] DEBUG org.springframework.test.context.BootstrapUtils - Instantiating BootstrapContext using constructor [public org.springframework.test.context.support.DefaultBootstrapContext(java.lang.Class,org.springframework.test.context.CacheAwareContextLoaderDelegate)]
14:49:21.353 [Test worker] DEBUG org.springframework.test.context.BootstrapUtils - Instantiating TestContextBootstrapper for test class [com.mysite.sbb.SbbApplicationTests] from class [org.springframework.boot.test.context.SpringBootTestContextBootstrapper]
14:49:21.362 [Test worker] INFO org.springframework.boot.test.context.SpringBootTestContextBootstrapper - Neither @ContextConfiguration nor @ContextHierarchy found for test class [com.mysite.sbb.SbbApplicationTests], using SpringBootContextLoader
14:49:21.365 [Test worker] DEBUG org.springframework.test.context.support.AbstractContextLoader - Did not detect default resource location for test class [com.mysite.sbb.SbbApplicationTests]: class path resource [com/mysite/sbb/SbbApplicationTests-context.xml] does not exist
14:49:21.365 [Test worker] DEBUG org.springframework.test.context.support.AbstractContextLoader - Did not detect default resource location for test class [com.mysite.sbb.SbbApplicationTests]: class path resource [com/mysite/sbb/SbbApplicationTestsContext.groovy] does not exist
14:49:21.366 [Test worker] INFO org.springframework.test.context.support.AbstractContextLoader - Could not detect default resource locations for test class [com.mysite.sbb.SbbApplicationTests]: no resource found for suffixes {-context.xml, Context.groovy}.
14:49:21.366 [Test worker] INFO org.springframework.test.context.support.AnnotationConfigContextLoaderUtils - Could not detect default configuration classes for test class [com.mysite.sbb.SbbApplicationTests]: SbbApplicationTests does not declare any static, non-private, non-final, nested classes annotated with @Configuration.
14:49:21.399 [Test worker] DEBUG org.springframework.test.context.support.ActiveProfilesUtils - Could not find an 'annotation declaring class' for annotation type [org.springframework.test.context.ActiveProfiles] and class [com.mysite.sbb.SbbApplicationTests]
14:49:21.448 [Test worker] DEBUG org.springframework.context.annotation.ClassPathScanningCandidateComponentProvider - Identified candidate component class: file [C:\webtest\jump\J2SB\sbb\sbb\build\classes\java\main\com\mysite\sbb\SbbApplication.class]
14:49:21.449 [Test worker] INFO org.springframework.boot.test.context.SpringBootTestContextBootstrapper - Found @SpringBootConfiguration com.mysite.sbb.SbbApplication for test class com.mysite.sbb.SbbApplicationTests
14:49:21.542 [Test worker] DEBUG org.springframework.boot.test.context.SpringBootTestContextBootstrapper - @TestExecutionListeners is not present for class [com.mysite.sbb.SbbApplicationTests]: using defaults.
14:49:21.543 [Test worker] INFO org.springframework.boot.test.context.SpringBootTestContextBootstrapper - Loaded default TestExecutionListener class names from location [META-INF/spring.factories]: [org.springframework.boot.test.autoconfigure.restdocs.RestDocsTestExecutionListener, org.springframework.boot.test.autoconfigure.web.client.MockRestServiceServerResetTestExecutionListener, org.springframework.boot.test.autoconfigure.web.servlet.MockMvcPrintOnlyOnFailureTestExecutionListener, org.springframework.boot.test.autoconfigure.web.servlet.WebDriverTestExecutionListener, org.springframework.boot.test.autoconfigure.webservices.client.MockWebServiceServerTestExecutionListener, org.springframework.boot.test.mock.mockito.MockitoTestExecutionListener, org.springframework.boot.test.mock.mockito.ResetMocksTestExecutionListener, org.springframework.test.context.web.ServletTestExecutionListener, org.springframework.test.context.support.DirtiesContextBeforeModesTestExecutionListener, org.springframework.test.context.event.ApplicationEventsTestExecutionListener, org.springframework.test.context.support.DependencyInjectionTestExecutionListener, org.springframework.test.context.support.DirtiesContextTestExecutionListener, org.springframework.test.context.transaction.TransactionalTestExecutionListener, org.springframework.test.context.jdbc.SqlScriptsTestExecutionListener, org.springframework.test.context.event.EventPublishingTestExecutionListener]
14:49:21.556 [Test worker] INFO org.springframework.boot.test.context.SpringBootTestContextBootstrapper - Using TestExecutionListeners: [org.springframework.test.context.web.ServletTestExecutionListener@547e29a4, org.springframework.test.context.support.DirtiesContextBeforeModesTestExecutionListener@1c807b1d, org.springframework.test.context.event.ApplicationEventsTestExecutionListener@238b521e, org.springframework.boot.test.mock.mockito.MockitoTestExecutionListener@1b39fd82, org.springframework.boot.test.autoconfigure.SpringBootDependencyInjectionTestExecutionListener@3e2fc448, org.springframework.test.context.support.DirtiesContextTestExecutionListener@21680803, org.springframework.test.context.transaction.TransactionalTestExecutionListener@588ab592, org.springframework.test.context.jdbc.SqlScriptsTestExecutionListener@c8b96ec, org.springframework.test.context.event.EventPublishingTestExecutionListener@4cc61eb1, org.springframework.boot.test.autoconfigure.restdocs.RestDocsTestExecutionListener@2d8f2f3a, org.springframework.boot.test.autoconfigure.web.client.MockRestServiceServerResetTestExecutionListener@2024293c, org.springframework.boot.test.autoconfigure.web.servlet.MockMvcPrintOnlyOnFailureTestExecutionListener@7048f722, org.springframework.boot.test.autoconfigure.web.servlet.WebDriverTestExecutionListener@c074c0c, org.springframework.boot.test.autoconfigure.webservices.client.MockWebServiceServerTestExecutionListener@58a55449, org.springframework.boot.test.mock.mockito.ResetMocksTestExecutionListener@5949eba8]
14:49:21.559 [Test worker] DEBUG org.springframework.test.context.support.AbstractDirtiesContextTestExecutionListener - Before test class: context [DefaultTestContext@40e4ea87 testClass = SbbApplicationTests, testInstance = [null], testMethod = [null], testException = [null], mergedContextConfiguration = [WebMergedContextConfiguration@58783f6c testClass = SbbApplicationTests, locations = '{}', classes = '{class com.mysite.sbb.SbbApplication}', contextInitializerClasses = '[]', activeProfiles = '{}', propertySourceLocations = '{}', propertySourceProperties = '{org.springframework.boot.test.context.SpringBootTestContextBootstrapper=true}', contextCustomizers = set[org.springframework.boot.test.autoconfigure.actuate.metrics.MetricsExportContextCustomizerFactory$DisableMetricExportContextCustomizer@3e7634b9, org.springframework.boot.test.autoconfigure.properties.PropertyMappingContextCustomizer@0, org.springframework.boot.test.autoconfigure.web.servlet.WebDriverContextCustomizerFactory$Customizer@5dd91bca, org.springframework.boot.test.context.filter.ExcludeFilterContextCustomizer@6eeade6c, org.springframework.boot.test.json.DuplicateJsonObjectContextCustomizerFactory$DuplicateJsonObjectContextCustomizer@4d18aa28, org.springframework.boot.test.mock.mockito.MockitoContextCustomizer@0, org.springframework.boot.test.web.client.TestRestTemplateContextCustomizer@7c209437, org.springframework.boot.test.context.SpringBootTestArgs@1, org.springframework.boot.test.context.SpringBootTestWebEnvironment@3e62d773], resourceBasePath = 'src/main/webapp', contextLoader = 'org.springframework.boot.test.context.SpringBootContextLoader', parent = [null]], attributes = map['org.springframework.test.context.web.ServletTestExecutionListener.activateListener' -> true]], class annotated with @DirtiesContext [false] with mode [null].

  .   ____          _            __ _ _
 /\\ / ___'_ __ _ _(_)_ __  __ _ \ \ \ \
( ( )\___ | '_ | '_| | '_ \/ _` | \ \ \ \
 \\/  ___)| |_)| | | | | || (_| |  ) ) ) )
  '  |____| .__|_| |_|_| |_\__, | / / / /
 =========|_|==============|___/=/_/_/_/
 :: Spring Boot ::                (v2.6.6)

2022-04-26 14:49:21.822  INFO 28184 --- [    Test worker] com.mysite.sbb.SbbApplicationTests       : Starting SbbApplicationTests using Java 11.0.1 on DESKTOP-EV33ME6 with PID 28184 (started by smkim in C:\webtest\jump\J2SB\sbb\sbb)
2022-04-26 14:49:21.823  INFO 28184 --- [    Test worker] com.mysite.sbb.SbbApplicationTests       : No active profile set, falling back to 1 default profile: "default"
2022-04-26 14:49:22.325  INFO 28184 --- [    Test worker] .s.d.r.c.RepositoryConfigurationDelegate : Bootstrapping Spring Data JPA repositories in DEFAULT mode.
2022-04-26 14:49:22.361  INFO 28184 --- [    Test worker] .s.d.r.c.RepositoryConfigurationDelegate : Finished Spring Data repository scanning in 29 ms. Found 1 JPA repository interfaces.
2022-04-26 14:49:22.818  INFO 28184 --- [    Test worker] o.hibernate.jpa.internal.util.LogHelper  : HHH000204: Processing PersistenceUnitInfo [name: default]
2022-04-26 14:49:22.863  INFO 28184 --- [    Test worker] org.hibernate.Version                    : HHH000412: Hibernate ORM core version 5.6.7.Final
2022-04-26 14:49:23.011  INFO 28184 --- [    Test worker] o.hibernate.annotations.common.Version   : HCANN000001: Hibernate Commons Annotations {5.1.2.Final}
2022-04-26 14:49:23.100  INFO 28184 --- [    Test worker] com.zaxxer.hikari.HikariDataSource       : HikariPool-1 - Starting...
2022-04-26 14:49:23.293  INFO 28184 --- [    Test worker] com.zaxxer.hikari.HikariDataSource       : HikariPool-1 - Start completed.
2022-04-26 14:49:23.309  INFO 28184 --- [    Test worker] org.hibernate.dialect.Dialect            : HHH000400: Using dialect: org.hibernate.dialect.H2Dialect
2022-04-26 14:49:23.917  INFO 28184 --- [    Test worker] o.h.e.t.j.p.i.JtaPlatformInitiator       : HHH000490: Using JtaPlatform implementation: [org.hibernate.engine.transaction.jta.platform.internal.NoJtaPlatform]
2022-04-26 14:49:23.926  INFO 28184 --- [    Test worker] j.LocalContainerEntityManagerFactoryBean : Initialized JPA EntityManagerFactory for persistence unit 'default'
2022-04-26 14:49:24.168  WARN 28184 --- [    Test worker] JpaBaseConfiguration$JpaWebConfiguration : spring.jpa.open-in-view is enabled by default. Therefore, database queries may be performed during view rendering. Explicitly configure spring.jpa.open-in-view to disable this warning
2022-04-26 14:49:24.421  INFO 28184 --- [    Test worker] o.s.b.a.h2.H2ConsoleAutoConfiguration    : H2 console available at '/h2-console'. Database available at 'jdbc:h2:~/local'
2022-04-26 14:49:24.954  INFO 28184 --- [    Test worker] com.mysite.sbb.SbbApplicationTests       : Started SbbApplicationTests in 3.366 seconds (JVM running for 4.47)
Hibernate: 
    insert 
    into
        question
        (id, content, create_date, subject) 
    values
        (default, ?, ?, ?)
Hibernate: 
    insert 
    into
        question
        (id, content, create_date, subject) 
    values
        (default, ?, ?, ?)
]]></system-out>
  <system-err><![CDATA[]]></system-err>
</testsuite>
